<?xml version="1.0" encoding="UTF-8"?>
<!-- Generated by org.testng.reporters.JUnitReportReporter -->
<testsuite hostname="MSI" failures="0" tests="2" name="runner.RunnerClass" time="24.788" errors="0" timestamp="2025-08-06T17:39:05 CDT" skipped="0">
  <testcase classname="runner.RunnerClass" name="runScenario" time="13.832"/>
  <testcase classname="runner.RunnerClass" name="runScenario" time="10.956"/>
</testsuite> <!-- runner.RunnerClass -->
