<?xml version="1.0" encoding="UTF-8"?>
<!-- Generated by org.testng.reporters.JUnitReportReporter -->
<testsuite hostname="TL1103" failures="0" tests="2" name="testcases.EditLead" time="54.259" errors="0" timestamp="2025-07-30T12:05:31 IST" skipped="0">
  <testcase classname="testcases.EditLead" name="editLead" time="27.602"/>
  <system-out/>
  <testcase classname="testcases.EditLead" name="editLead" time="26.657"/>
  <system-out/>
</testsuite> <!-- testcases.EditLead -->
