<?xml version="1.0" encoding="UTF-8"?>
<!-- Generated by org.testng.reporters.JUnitReportReporter -->
<testsuite hostname="MSI" failures="0" tests="1" name="testcase.TC_001_CreateLead" time="61.254" errors="0" timestamp="2025-08-11T19:21:08 CDT" skipped="0">
  <testcase classname="testcase.TC_001_CreateLead" name="createLead" time="61.254"/>
</testsuite> <!-- testcase.TC_001_CreateLead -->
