<?xml version="1.0" encoding="UTF-8"?>
<!-- Generated by org.testng.reporters.JUnitReportReporter -->
<testsuite hostname="MSI" failures="0" tests="1" name="testcase.TC_001_LoginFunctionality" time="13.395" errors="0" timestamp="2025-08-11T19:21:07 CDT" skipped="0">
  <testcase classname="testcase.TC_001_LoginFunctionality" name="loginFunctionality" time="13.395"/>
</testsuite> <!-- testcase.TC_001_LoginFunctionality -->
